<?xml version="1.0" encoding="UTF-8"?>
<!-- Generated by org.testng.reporters.JUnitReportReporter -->
<testsuite hostname="DESKTOP-66CRK13" failures="0" tests="3" name="github.SauceDemo.MakeSimpleOrder" time="4.607" errors="0" timestamp="2023-05-03T17:41:46 ART" skipped="0">
  <testcase classname="github.SauceDemo.MakeSimpleOrder" name="productSortHiLo" time="1.990"/>
  <system-out/>
  <testcase classname="github.SauceDemo.MakeSimpleOrder" name="addToCartAndGoToCheckout" time="0.423"/>
  <system-out/>
  <testcase classname="github.SauceDemo.MakeSimpleOrder" name="checkoutFinish" time="2.194"/>
  <system-out/>
</testsuite> <!-- github.SauceDemo.MakeSimpleOrder -->
