<?xml version="1.0" encoding="UTF-8"?>
<!-- Generated by org.testng.reporters.JUnitReportReporter -->
<testsuite hostname="DESKTOP-66CRK13" failures="0" tests="3" name="SauceDemo.SauceDemo.Test_BonusTrack3" time="4.454" errors="0" timestamp="2023-04-30T01:47:31 ART" skipped="0">
  <testcase classname="SauceDemo.SauceDemo.Test_BonusTrack3" name="productSortHiLo" time="1.864"/>
  <system-out/>
  <testcase classname="SauceDemo.SauceDemo.Test_BonusTrack3" name="addToCartAndGoToCheckout" time="0.396"/>
  <system-out/>
  <testcase classname="SauceDemo.SauceDemo.Test_BonusTrack3" name="checkoutFinish" time="2.194"/>
  <system-out/>
</testsuite> <!-- SauceDemo.SauceDemo.Test_BonusTrack3 -->
