<?xml version="1.0" encoding="UTF-8"?>
<!-- Generated by org.testng.reporters.JUnitReportReporter -->
<testsuite hostname="DESKTOP-66CRK13" failures="0" tests="3" name="github.SauceDemo.MakeSimpleOrder" time="4.477" errors="0" timestamp="2023-05-01T02:19:34 ART" skipped="0">
  <testcase classname="github.SauceDemo.MakeSimpleOrder" name="productSortHiLo" time="1.878"/>
  <system-out/>
  <testcase classname="github.SauceDemo.MakeSimpleOrder" name="addToCartAndGoToCheckout" time="0.399"/>
  <system-out/>
  <testcase classname="github.SauceDemo.MakeSimpleOrder" name="checkoutFinish" time="2.200"/>
  <system-out/>
</testsuite> <!-- github.SauceDemo.MakeSimpleOrder -->
