<?xml version="1.0" encoding="UTF-8"?>
<!-- Generated by org.testng.reporters.JUnitReportReporter -->
<testsuite hostname="DESKTOP-66CRK13" failures="0" tests="3" name="github.SauceDemo.MakeOrderAndDelete" time="3.670" errors="0" timestamp="2023-05-01T23:38:40 ART" skipped="0">
  <testcase classname="github.SauceDemo.MakeOrderAndDelete" name="productSortZA" time="1.669"/>
  <system-out/>
  <testcase classname="github.SauceDemo.MakeOrderAndDelete" name="addToCartAndGoToCheckout" time="1.680"/>
  <system-out/>
  <testcase classname="github.SauceDemo.MakeOrderAndDelete" name="checkoutFinish" time="0.321"/>
  <system-out/>
</testsuite> <!-- github.SauceDemo.MakeOrderAndDelete -->
