<?xml version="1.0" encoding="UTF-8"?>
<!-- Generated by org.testng.reporters.JUnitReportReporter -->
<testsuite hostname="DESKTOP-66CRK13" failures="0" tests="3" name="github.SauceDemo.MakeOrderAndDelete" time="2.974" errors="0" timestamp="2023-05-03T17:41:46 ART" skipped="0">
  <testcase classname="github.SauceDemo.MakeOrderAndDelete" name="productSortZA" time="1.719"/>
  <system-out/>
  <testcase classname="github.SauceDemo.MakeOrderAndDelete" name="addToCartAndGoToCheckout" time="0.960"/>
  <system-out/>
  <testcase classname="github.SauceDemo.MakeOrderAndDelete" name="checkoutFinish" time="0.295"/>
  <system-out/>
</testsuite> <!-- github.SauceDemo.MakeOrderAndDelete -->
