<?xml version="1.0" encoding="UTF-8"?>
<!-- Generated by org.testng.reporters.JUnitReportReporter -->
<testsuite hostname="DESKTOP-66CRK13" failures="0" tests="1" name="github.SauceDemo.LogIn" time="1.326" errors="0" timestamp="2023-05-03T16:04:28 ART" skipped="0">
  <testcase classname="github.SauceDemo.LogIn" name="logIn_Firefox_Credentials_Ok" time="1.326"/>
  <system-out/>
</testsuite> <!-- github.SauceDemo.LogIn -->
