<?xml version="1.0" encoding="UTF-8"?>
<!-- Generated by org.testng.reporters.JUnitReportReporter -->
<testsuite hostname="DESKTOP-66CRK13" failures="0" tests="3" name="github.SauceDemo.MakeSimpleOrder" time="4.530" errors="0" timestamp="2023-05-01T23:38:40 ART" skipped="0">
  <testcase classname="github.SauceDemo.MakeSimpleOrder" name="productSortHiLo" time="1.863"/>
  <system-out/>
  <testcase classname="github.SauceDemo.MakeSimpleOrder" name="addToCartAndGoToCheckout" time="0.402"/>
  <system-out/>
  <testcase classname="github.SauceDemo.MakeSimpleOrder" name="checkoutFinish" time="2.265"/>
  <system-out/>
</testsuite> <!-- github.SauceDemo.MakeSimpleOrder -->
