<?xml version="1.0" encoding="UTF-8"?>
<!-- Generated by org.testng.reporters.JUnitReportReporter -->
<testsuite hostname="DESKTOP-66CRK13" failures="0" tests="2" name="github.SauceDemo.asd" time="11.310" errors="0" timestamp="2023-05-03T00:26:49 ART" skipped="0">
  <testcase classname="github.SauceDemo.asd" name="contactUs" time="9.547"/>
  <system-out/>
  <testcase classname="github.SauceDemo.asd" name="buscarPalabra" time="1.763"/>
  <system-out/>
</testsuite> <!-- github.SauceDemo.asd -->
